<?xml version="1.0" encoding="UTF-8"?>
<testsuite xmlns:xsi="http://www.w3.org/2001/XMLSchema-instance" xsi:noNamespaceSchemaLocation="https://maven.apache.org/surefire/maven-surefire-plugin/xsd/surefire-test-report-3.0.xsd" version="3.0" name="com.kh.socialLogin.JenkinsProjectApplicationTests" time="2.694" tests="1" errors="0" skipped="0" failures="0">
  <properties>
[...]
</properties>
  <testcase name="contextLoads" classname="com.kh.socialLogin.JenkinsProjectApplicationTests" time="0.857">
    <system-out><![CDATA[09:23:57.964 [main] INFO org.springframework.test.context.support.AnnotationConfigContextLoaderUtils -- Could not detect default configuration classes for test class [com.kh.socialLogin.JenkinsProjectApplicationTests]: JenkinsProjectApplicationTests does not declare any static, non-private, non-final, nested classes annotated with @Configuration.
09:23:58.074 [main] INFO org.springframework.boot.test.context.SpringBootTestContextBootstrapper -- Found @SpringBootConfiguration com.kh.socialLogin.JenkinsProjectApplication for test class com.kh.socialLogin.JenkinsProjectApplicationTests

  .   ____          _            __ _ _
 /\\ / ___'_ __ _ _(_)_ __  __ _ \ \ \ \
( ( )\___ | '_ | '_| | '_ \/ _` | \ \ \ \
 \\/  ___)| |_)| | | | | || (_| |  ) ) ) )
  '  |____| .__|_| |_|_| |_\__, | / / / /
 =========|_|==============|___/=/_/_/_/

 :: Spring Boot ::                (v3.3.2)

2024-08-27T09:23:58.487+09:00  INFO 9772 --- [jenkins-project] [           main] c.k.s.JenkinsProjectApplicationTests     : Starting JenkinsProjectApplicationTests using Java 17.0.12 with PID 9772 (started by user1 in C:\Users\user1\Documents\zenkinsPractice)
2024-08-27T09:23:58.489+09:00  INFO 9772 --- [jenkins-project] [           main] c.k.s.JenkinsProjectApplicationTests     : No active profile set, falling back to 1 default profile: "default"
2024-08-27T09:23:59.359+09:00  INFO 9772 --- [jenkins-project] [           main] o.s.b.a.w.s.WelcomePageHandlerMapping    : Adding welcome page template: index
2024-08-27T09:23:59.616+09:00  INFO 9772 --- [jenkins-project] [           main] c.k.s.JenkinsProjectApplicationTests     : Started JenkinsProjectApplicationTests in 1.39 seconds (process running for 2.3)
]]></system-out>
  </testcase>
</testsuite>